#
# There is insufficient memory for the Java Runtime Environment to continue.
# Native memory allocation (mmap) failed to map 92274688 bytes for committing reserved memory.
# Possible reasons:
#   The system is out of physical RAM or swap space
#   In 32 bit mode, the process size limit was hit
# Possible solutions:
#   Reduce memory load on the system
#   Increase physical memory or swap space
#   Check if swap backing store is full
#   Use 64 bit Java on a 64 bit OS
#   Decrease Java heap size (-Xmx/-Xms)
#   Decrease number of Java threads
#   Decrease Java thread stack sizes (-Xss)
#   Set larger code cache with -XX:ReservedCodeCacheSize=
# This output file may be truncated or incomplete.
#
#  Out of Memory Error (os_linux.cpp:2673), pid=8900, tid=140256724596480
#
# JRE version: Java(TM) SE Runtime Environment (8.0_51-b16) (build 1.8.0_51-b16)
# Java VM: Java HotSpot(TM) 64-Bit Server VM (25.51-b03 mixed mode linux-amd64 compressed oops)
# Failed to write core dump. Core dumps have been disabled. To enable core dumping, try "ulimit -c unlimited" before starting Java again
#

---------------  T H R E A D  ---------------

Current thread (0x00007f9020141000):  VMThread [stack: 0x00007f90102f3000,0x00007f90103f4000] [id=8908]

Stack: [0x00007f90102f3000,0x00007f90103f4000],  sp=0x00007f90103f2340,  free space=1020k
Native frames: (J=compiled Java code, j=interpreted, Vv=VM code, C=native code)
V  [libjvm.so+0xaaccfa]  VMError::report_and_die()+0x2ba
V  [libjvm.so+0x4f333b]  report_vm_out_of_memory(char const*, int, unsigned long, VMErrorType, char const*)+0x8b
V  [libjvm.so+0x90ea23]  os::Linux::commit_memory_impl(char*, unsigned long, bool)+0x103
V  [libjvm.so+0x90ef79]  os::pd_commit_memory(char*, unsigned long, unsigned long, bool)+0x29
V  [libjvm.so+0x9088da]  os::commit_memory(char*, unsigned long, unsigned long, bool)+0x2a
V  [libjvm.so+0x97bd23]  PSVirtualSpace::expand_by(unsigned long)+0x53
V  [libjvm.so+0x96c580]  PSOldGen::expand(unsigned long)+0x170
V  [libjvm.so+0x96c78b]  PSOldGen::resize(unsigned long)+0x1cb
V  [libjvm.so+0x9744a1]  PSParallelCompact::invoke_no_policy(bool)+0x9d1
V  [libjvm.so+0x974793]  PSParallelCompact::invoke(bool)+0x63
V  [libjvm.so+0x47c264]  CollectedHeap::collect_as_vm_thread(GCCause::Cause)+0x114
V  [libjvm.so+0xaadf31]  VM_CollectForMetadataAllocation::doit()+0x161
V  [libjvm.so+0xab5d25]  VM_Operation::evaluate()+0x55
V  [libjvm.so+0xab40fa]  VMThread::evaluate_operation(VM_Operation*)+0xba
V  [libjvm.so+0xab447e]  VMThread::loop()+0x1ce
V  [libjvm.so+0xab48f0]  VMThread::run()+0x70
V  [libjvm.so+0x911048]  java_start(Thread*)+0x108

VM_Operation (0x00007f8fcf3c3bd0): CollectForMetadataAllocation, mode: safepoint, requested by thread 0x00007f8fbc001800


---------------  P R O C E S S  ---------------

Java Threads: ( => current thread )
  0x00007f8fc0f8b000 JavaThread "quartzScheduler_QuartzSchedulerThread" [_thread_blocked, id=9009, stack(0x00007f8fa35f6000,0x00007f8fa36f7000)]
  0x00007f8fc0f79000 JavaThread "quartzScheduler_Worker-10" [_thread_blocked, id=9008, stack(0x00007f8fa36f7000,0x00007f8fa37f8000)]
  0x00007f8fc0f77000 JavaThread "quartzScheduler_Worker-9" [_thread_blocked, id=9007, stack(0x00007f8fa37f8000,0x00007f8fa38f9000)]
  0x00007f8fc0f75000 JavaThread "quartzScheduler_Worker-8" [_thread_blocked, id=9006, stack(0x00007f8fa38f9000,0x00007f8fa39fa000)]
  0x00007f8fc0f73000 JavaThread "quartzScheduler_Worker-7" [_thread_blocked, id=9005, stack(0x00007f8fa39fa000,0x00007f8fa3afb000)]
  0x00007f8fc0f71000 JavaThread "quartzScheduler_Worker-6" [_thread_blocked, id=9004, stack(0x00007f8fa3afb000,0x00007f8fa3bfc000)]
  0x00007f8fc0f6f800 JavaThread "quartzScheduler_Worker-5" [_thread_blocked, id=9003, stack(0x00007f8fa3bfc000,0x00007f8fa3cfd000)]
  0x00007f8fc0f6d800 JavaThread "quartzScheduler_Worker-4" [_thread_blocked, id=9002, stack(0x00007f8fa3cfd000,0x00007f8fa3dfe000)]
  0x00007f8fc0f6b800 JavaThread "quartzScheduler_Worker-3" [_thread_blocked, id=9001, stack(0x00007f8fa3dfe000,0x00007f8fa3eff000)]
  0x00007f8fc0f6a000 JavaThread "quartzScheduler_Worker-2" [_thread_blocked, id=9000, stack(0x00007f8fa3eff000,0x00007f8fa4000000)]
  0x00007f8fc0f69000 JavaThread "quartzScheduler_Worker-1" [_thread_blocked, id=8999, stack(0x00007f8fcc0c5000,0x00007f8fcc1c6000)]
  0x00007f8fc082a800 JavaThread "Statistics Thread-__DEFAULT__-1" daemon [_thread_blocked, id=8998, stack(0x00007f8fcc9c6000,0x00007f8fccac7000)]
  0x00007f8fc0819000 JavaThread "com%002eed%002eschoolmanagement%002e%0052ole.data" [_thread_blocked, id=8997, stack(0x00007f8fccec7000,0x00007f8fccfc8000)]
  0x00007f8fc0907800 JavaThread "__DEFAULT__" daemon [_thread_blocked, id=8995, stack(0x00007f8fccfc8000,0x00007f8fcd0c9000)]
  0x00007f8fc03a8000 JavaThread "Abandoned connection cleanup thread" daemon [_thread_blocked, id=8978, stack(0x00007f8fcd6c9000,0x00007f8fcd7ca000)]
  0x00007f8fc05d6800 JavaThread "PoolCleaner[397071633:1438980021506]" daemon [_thread_blocked, id=8977, stack(0x00007f8fce0a5000,0x00007f8fce1a6000)]
  0x00007f8fc0138800 JavaThread "FileSystemWatcher: files=#304 cl=groovy.lang.GroovyClassLoader@17aad511" daemon [_thread_blocked, id=8968, stack(0x00007f8fcefcb000,0x00007f8fcf0cc000)]
  0x00007f8fbc001800 JavaThread "localhost-startStop-1" daemon [_thread_blocked, id=8967, stack(0x00007f8fcf2cc000,0x00007f8fcf3cd000)]
  0x00007f9020f7c800 JavaThread "Tomcat-startStop-1" daemon [_thread_blocked, id=8966, stack(0x00007f8fcf3cd000,0x00007f8fcf4ce000)]
  0x00007f9020f3f000 JavaThread "Thread-3" [_thread_in_native, id=8965, stack(0x00007f8fcfcff000,0x00007f8fcfe00000)]
  0x00007f902094f000 JavaThread "Thread-2" [_thread_blocked, id=8964, stack(0x00007f9000630000,0x00007f9000731000)]
  0x00007f90205b1800 JavaThread "NonBlockingInputStreamThread" daemon [_thread_blocked, id=8953, stack(0x00007f9000d4f000,0x00007f9000e50000)]
  0x00007f902057e000 JavaThread "process reaper" daemon [_thread_blocked, id=8942, stack(0x00007f9001088000,0x00007f90010c1000)]
  0x00007f9020311000 JavaThread "Service Thread" daemon [_thread_blocked, id=8915, stack(0x00007f90013c6000,0x00007f90014c7000)]
  0x00007f9020304800 JavaThread "C1 CompilerThread2" daemon [_thread_blocked, id=8914, stack(0x00007f90014c7000,0x00007f90015c8000)]
  0x00007f90202f3000 JavaThread "C2 CompilerThread1" daemon [_thread_blocked, id=8913, stack(0x00007f90015c8000,0x00007f90016c9000)]
  0x00007f90202fc800 JavaThread "C2 CompilerThread0" daemon [_thread_in_native, id=8912, stack(0x00007f90016c9000,0x00007f90017ca000)]
  0x00007f9020180000 JavaThread "Signal Dispatcher" daemon [_thread_blocked, id=8911, stack(0x00007f900181d000,0x00007f900191e000)]
  0x00007f9020148000 JavaThread "Finalizer" daemon [_thread_blocked, id=8910, stack(0x00007f90100f1000,0x00007f90101f2000)]
  0x00007f9020146000 JavaThread "Reference Handler" daemon [_thread_blocked, id=8909, stack(0x00007f90101f2000,0x00007f90102f3000)]
  0x00007f902000c000 JavaThread "main" [_thread_blocked, id=8903, stack(0x00007f9028b04000,0x00007f9028c05000)]

Other Threads:
=>0x00007f9020141000 VMThread [stack: 0x00007f90102f3000,0x00007f90103f4000] [id=8908]
  0x00007f9020313800 WatcherThread [stack: 0x00007f90012c5000,0x00007f90013c6000] [id=8916]

VM state:at safepoint (normal execution)

VM Mutex/Monitor currently owned by a thread:  ([mutex/lock_event])
[0x00007f9020003bd0] ExpandHeap_lock - owner thread: 0x00007f9020141000
[0x00007f9020008800] Threads_lock - owner thread: 0x00007f9020141000
[0x00007f9020008d00] Heap_lock - owner thread: 0x00007f8fbc001800

Heap:
 PSYoungGen      total 301056K, used 0K [0x00000000eab00000, 0x0000000100000000, 0x0000000100000000)
  eden space 259072K, 0% used [0x00000000eab00000,0x00000000eab00000,0x00000000fa800000)
  from space 41984K, 0% used [0x00000000fd700000,0x00000000fd700000,0x0000000100000000)
  to   space 45056K, 0% used [0x00000000fa800000,0x00000000fa800000,0x00000000fd400000)
 ParOldGen       total 183808K, used 148317K [0x00000000c0000000, 0x00000000cb380000, 0x00000000eab00000)
  object space 183808K, 80% used [0x00000000c0000000,0x00000000c90d7450,0x00000000cb380000)
 Metaspace       used 72413K, capacity 74440K, committed 74668K, reserved 1116160K
  class space    used 7502K, capacity 8085K, committed 8192K, reserved 1048576K

Card table byte_map: [0x00007f90254d0000,0x00007f90256d1000] byte_map_base: 0x00007f9024ed0000

Marking Bits: (ParMarkBitMap*) 0x00007f9027fd9660
 Begin Bits: [0x00007f9002000000, 0x00007f9003000000)
 End Bits:   [0x00007f9003000000, 0x00007f9004000000)

Polling page: 0x00007f9028c20000

CodeCache: size=245760Kb used=24477Kb max_used=24766Kb free=221282Kb
 bounds [0x00007f9011000000, 0x00007f9012880000, 0x00007f9020000000]
 total_blobs=7177 nmethods=6399 adapters=691
 compilation: enabled

Compilation events (10 events):
Event: 114.596 Thread 0x00007f9020304800 7746       2       java.util.LinkedList::node (65 bytes)
Event: 114.597 Thread 0x00007f9020304800 nmethod 7746 0x00007f9011a5f7d0 code [0x00007f9011a5f940, 0x00007f9011a5fb70]
Event: 114.602 Thread 0x00007f9020304800 7747       1       org.springframework.core.io.support.PathMatchingResourcePatternResolver::getPathMatcher (5 bytes)
Event: 114.603 Thread 0x00007f9020304800 nmethod 7747 0x00007f9011478250 code [0x00007f90114783a0, 0x00007f90114784b0]
Event: 114.604 Thread 0x00007f9020304800 7748       2       org.springframework.util.StringUtils::replace (103 bytes)
Event: 114.606 Thread 0x00007f9020304800 nmethod 7748 0x00007f90120c2450 code [0x00007f90120c2640, 0x00007f90120c2bb8]
Event: 114.611 Thread 0x00007f9020304800 7749       2       java.beans.Introspector::decapitalize (68 bytes)
Event: 114.614 Thread 0x00007f9020304800 nmethod 7749 0x00007f90111fffd0 code [0x00007f9011200220, 0x00007f90112009b8]
Event: 114.625 Thread 0x00007f9020304800 7750       2       groovyjarjarasm.asm.FieldVisitor::<init> (35 bytes)
Event: 114.626 Thread 0x00007f9020304800 nmethod 7750 0x00007f9011f8f550 code [0x00007f9011f8f6c0, 0x00007f9011f8f8e8]

GC Heap History (10 events):
Event: 109.676 GC heap after
Heap after GC invocations=44 (full 6):
 PSYoungGen      total 315904K, used 24059K [0x00000000eab00000, 0x0000000100000000, 0x0000000100000000)
  eden space 291840K, 0% used [0x00000000eab00000,0x00000000eab00000,0x00000000fc800000)
  from space 24064K, 99% used [0x00000000fe880000,0x00000000ffffed30,0x0000000100000000)
  to   space 28672K, 0% used [0x00000000fc800000,0x00000000fc800000,0x00000000fe400000)
 ParOldGen       total 183808K, used 96522K [0x00000000c0000000, 0x00000000cb380000, 0x00000000eab00000)
  object space 183808K, 52% used [0x00000000c0000000,0x00000000c5e429b8,0x00000000cb380000)
 Metaspace       used 65162K, capacity 67012K, committed 67328K, reserved 1110016K
  class space    used 6609K, capacity 7143K, committed 7168K, reserved 1048576K
}
Event: 111.028 GC heap before
{Heap before GC invocations=45 (full 6):
 PSYoungGen      total 315904K, used 315899K [0x00000000eab00000, 0x0000000100000000, 0x0000000100000000)
  eden space 291840K, 100% used [0x00000000eab00000,0x00000000fc800000,0x00000000fc800000)
  from space 24064K, 99% used [0x00000000fe880000,0x00000000ffffed30,0x0000000100000000)
  to   space 28672K, 0% used [0x00000000fc800000,0x00000000fc800000,0x00000000fe400000)
 ParOldGen       total 183808K, used 96522K [0x00000000c0000000, 0x00000000cb380000, 0x00000000eab00000)
  object space 183808K, 52% used [0x00000000c0000000,0x00000000c5e429b8,0x00000000cb380000)
 Metaspace       used 66634K, capacity 68480K, committed 68864K, reserved 1110016K
  class space    used 6837K, capacity 7386K, committed 7424K, reserved 1048576K
Event: 111.096 GC heap after
Heap after GC invocations=45 (full 6):
 PSYoungGen      total 320512K, used 28663K [0x00000000eab00000, 0x0000000100000000, 0x0000000100000000)
  eden space 291840K, 0% used [0x00000000eab00000,0x00000000eab00000,0x00000000fc800000)
  from space 28672K, 99% used [0x00000000fc800000,0x00000000fe3fde70,0x00000000fe400000)
  to   space 28672K, 0% used [0x00000000fe400000,0x00000000fe400000,0x0000000100000000)
 ParOldGen       total 183808K, used 102220K [0x00000000c0000000, 0x00000000cb380000, 0x00000000eab00000)
  object space 183808K, 55% used [0x00000000c0000000,0x00000000c63d3390,0x00000000cb380000)
 Metaspace       used 66634K, capacity 68480K, committed 68864K, reserved 1110016K
  class space    used 6837K, capacity 7386K, committed 7424K, reserved 1048576K
}
Event: 112.745 GC heap before
{Heap before GC invocations=46 (full 6):
 PSYoungGen      total 320512K, used 314514K [0x00000000eab00000, 0x0000000100000000, 0x0000000100000000)
  eden space 291840K, 97% used [0x00000000eab00000,0x00000000fc226d50,0x00000000fc800000)
  from space 28672K, 99% used [0x00000000fc800000,0x00000000fe3fde70,0x00000000fe400000)
  to   space 28672K, 0% used [0x00000000fe400000,0x00000000fe400000,0x0000000100000000)
 ParOldGen       total 183808K, used 102220K [0x00000000c0000000, 0x00000000cb380000, 0x00000000eab00000)
  object space 183808K, 55% used [0x00000000c0000000,0x00000000c63d3390,0x00000000cb380000)
 Metaspace       used 69613K, capacity 71546K, committed 72064K, reserved 1114112K
  class space    used 7169K, capacity 7717K, committed 7808K, reserved 1048576K
Event: 112.824 GC heap after
Heap after GC invocations=46 (full 6):
 PSYoungGen      total 300032K, used 27765K [0x00000000eab00000, 0x0000000100000000, 0x0000000100000000)
  eden space 271360K, 0% used [0x00000000eab00000,0x00000000eab00000,0x00000000fb400000)
  from space 28672K, 96% used [0x00000000fe400000,0x00000000fff1d770,0x0000000100000000)
  to   space 38912K, 0% used [0x00000000fb400000,0x00000000fb400000,0x00000000fda00000)
 ParOldGen       total 183808K, used 115927K [0x00000000c0000000, 0x00000000cb380000, 0x00000000eab00000)
  object space 183808K, 63% used [0x00000000c0000000,0x00000000c7135f18,0x00000000cb380000)
 Metaspace       used 69613K, capacity 71546K, committed 72064K, reserved 1114112K
  class space    used 7169K, capacity 7717K, committed 7808K, reserved 1048576K
}
Event: 113.620 GC heap before
{Heap before GC invocations=47 (full 6):
 PSYoungGen      total 300032K, used 293043K [0x00000000eab00000, 0x0000000100000000, 0x0000000100000000)
  eden space 271360K, 97% used [0x00000000eab00000,0x00000000fae0f490,0x00000000fb400000)
  from space 28672K, 96% used [0x00000000fe400000,0x00000000fff1d770,0x0000000100000000)
  to   space 38912K, 0% used [0x00000000fb400000,0x00000000fb400000,0x00000000fda00000)
 ParOldGen       total 183808K, used 115927K [0x00000000c0000000, 0x00000000cb380000, 0x00000000eab00000)
  object space 183808K, 63% used [0x00000000c0000000,0x00000000c7135f18,0x00000000cb380000)
 Metaspace       used 70628K, capacity 72532K, committed 72960K, reserved 1114112K
  class space    used 7312K, capacity 7852K, committed 7936K, reserved 1048576K
Event: 113.686 GC heap after
Heap after GC invocations=47 (full 6):
 PSYoungGen      total 302080K, used 30298K [0x00000000eab00000, 0x0000000100000000, 0x0000000100000000)
  eden space 271360K, 0% used [0x00000000eab00000,0x00000000eab00000,0x00000000fb400000)
  from space 30720K, 98% used [0x00000000fb400000,0x00000000fd196920,0x00000000fd200000)
  to   space 41984K, 0% used [0x00000000fd700000,0x00000000fd700000,0x0000000100000000)
 ParOldGen       total 183808K, used 115935K [0x00000000c0000000, 0x00000000cb380000, 0x00000000eab00000)
  object space 183808K, 63% used [0x00000000c0000000,0x00000000c7137f18,0x00000000cb380000)
 Metaspace       used 70628K, capacity 72532K, committed 72960K, reserved 1114112K
  class space    used 7312K, capacity 7852K, committed 7936K, reserved 1048576K
}
Event: 114.646 GC heap before
{Heap before GC invocations=48 (full 6):
 PSYoungGen      total 302080K, used 191226K [0x00000000eab00000, 0x0000000100000000, 0x0000000100000000)
  eden space 271360K, 59% used [0x00000000eab00000,0x00000000f4828158,0x00000000fb400000)
  from space 30720K, 98% used [0x00000000fb400000,0x00000000fd196920,0x00000000fd200000)
  to   space 41984K, 0% used [0x00000000fd700000,0x00000000fd700000,0x0000000100000000)
 ParOldGen       total 183808K, used 115935K [0x00000000c0000000, 0x00000000cb380000, 0x00000000eab00000)
  object space 183808K, 63% used [0x00000000c0000000,0x00000000c7137f18,0x00000000cb380000)
 Metaspace       used 72416K, capacity 74446K, committed 74668K, reserved 1116160K
  class space    used 7502K, capacity 8086K, committed 8192K, reserved 1048576K
Event: 114.771 GC heap after
Heap after GC invocations=48 (full 6):
 PSYoungGen      total 301056K, used 31317K [0x00000000eab00000, 0x0000000100000000, 0x0000000100000000)
  eden space 259072K, 0% used [0x00000000eab00000,0x00000000eab00000,0x00000000fa800000)
  from space 41984K, 74% used [0x00000000fd700000,0x00000000ff5957a8,0x0000000100000000)
  to   space 45056K, 0% used [0x00000000fa800000,0x00000000fa800000,0x00000000fd400000)
 ParOldGen       total 183808K, used 121272K [0x00000000c0000000, 0x00000000cb380000, 0x00000000eab00000)
  object space 183808K, 65% used [0x00000000c0000000,0x00000000c766e2b8,0x00000000cb380000)
 Metaspace       used 72416K, capacity 74446K, committed 74668K, reserved 1116160K
  class space    used 7502K, capacity 8086K, committed 8192K, reserved 1048576K
}
Event: 114.771 GC heap before
{Heap before GC invocations=49 (full 7):
 PSYoungGen      total 301056K, used 31317K [0x00000000eab00000, 0x0000000100000000, 0x0000000100000000)
  eden space 259072K, 0% used [0x00000000eab00000,0x00000000eab00000,0x00000000fa800000)
  from space 41984K, 74% used [0x00000000fd700000,0x00000000ff5957a8,0x0000000100000000)
  to   space 45056K, 0% used [0x00000000fa800000,0x00000000fa800000,0x00000000fd400000)
 ParOldGen       total 183808K, used 121272K [0x00000000c0000000, 0x00000000cb380000, 0x00000000eab00000)
  object space 183808K, 65% used [0x00000000c0000000,0x00000000c766e2b8,0x00000000cb380000)
 Metaspace       used 72416K, capacity 74446K, committed 74668K, reserved 1116160K
  class space    used 7502K, capacity 8086K, committed 8192K, reserved 1048576K

Deoptimization events (10 events):
Event: 113.848 Thread 0x00007f8fbc001800 Uncommon trap: reason=unstable_if action=reinterpret pc=0x00007f90114dc0a8 method=org.springsource.loaded.TypeDescriptorExtractor$ExtractionVisitor.walkHierarchyForCatchersAndSuperDispatchers(Ljava/lang/String;Ljava/util/List;Ljava/util/List;)V @ 132
Event: 113.849 Thread 0x00007f8fbc001800 Uncommon trap: reason=unstable_if action=reinterpret pc=0x00007f9011ca0e34 method=sl.org.objectweb.asm.Type.getObjectType(Ljava/lang/String;)Lsl/org/objectweb/asm/Type; @ 14
Event: 113.849 Thread 0x00007f8fbc001800 Uncommon trap: reason=unstable_if action=reinterpret pc=0x00007f901263a0e0 method=sl.org.objectweb.asm.ClassWriter.a(Ljava/lang/Object;)Lsl/org/objectweb/asm/Item; @ 214
Event: 113.951 Thread 0x00007f8fbc001800 Uncommon trap: reason=unstable_if action=reinterpret pc=0x00007f9011ecb294 method=org.springsource.loaded.TypeDescriptorExtractor$ExtractionVisitor.walkHierarchyForCatchersAndSuperDispatchers(Ljava/lang/String;Ljava/util/List;Ljava/util/List;)V @ 78
Event: 114.009 Thread 0x00007f8fbc001800 Uncommon trap: reason=unstable_if action=reinterpret pc=0x00007f9012118d5c method=groovy.lang.MetaClassImpl.getProperty(Ljava/lang/Class;Ljava/lang/Object;Ljava/lang/String;ZZ)Ljava/lang/Object; @ 361
Event: 114.135 Thread 0x00007f8fbc001800 Uncommon trap: reason=unstable_if action=reinterpret pc=0x00007f9012241c38 method=groovy.lang.ExpandoMetaClass.getProperty(Ljava/lang/Object;Ljava/lang/String;)Ljava/lang/Object; @ 5
Event: 114.135 Thread 0x00007f8fbc001800 Uncommon trap: reason=unstable_if action=reinterpret pc=0x00007f90121fb2d4 method=groovy.lang.ExpandoMetaClass.getProperty(Ljava/lang/Class;Ljava/lang/Object;Ljava/lang/String;ZZ)Ljava/lang/Object; @ 5
Event: 114.243 Thread 0x00007f8fbc001800 Uncommon trap: reason=unstable_if action=reinterpret pc=0x00007f9012723de4 method=java.beans.Introspector.getTargetPropertyInfo()[Ljava/beans/PropertyDescriptor; @ 177
Event: 114.429 Thread 0x00007f8fbc001800 Uncommon trap: reason=unstable_if action=reinterpret pc=0x00007f901274df9c method=java.beans.Introspector.decapitalize(Ljava/lang/String;)Ljava/lang/String; @ 18
Event: 114.430 Thread 0x00007f8fbc001800 Uncommon trap: reason=unstable_if action=reinterpret pc=0x00007f9011f22aa8 method=java.beans.Introspector.decapitalize(Ljava/lang/String;)Ljava/lang/String; @ 18

Internal exceptions (10 events):
Event: 114.544 Thread 0x00007f8fbc001800 Exception <a 'java/lang/ClassNotFoundException': org/grails/plugin/resource/ResourceMeta$_reset_closure1BeanInfo> (0x00000000f3b28f40) thrown at [/HUDSON/workspace/8-2-build-linux-amd64/jdk8u51/3951/hotspot/src/share/vm/classfile/systemDictionary.cpp, lin
Event: 114.545 Thread 0x00007f8fbc001800 Exception <a 'java/lang/ClassNotFoundException': org/grails/plugin/resource/ResourceMeta$_reset_closure1Customizer> (0x00000000f3b8dfa0) thrown at [/HUDSON/workspace/8-2-build-linux-amd64/jdk8u51/3951/hotspot/src/share/vm/classfile/systemDictionary.cpp, l
Event: 114.556 Thread 0x00007f8fbc001800 Exception <a 'java/lang/ClassNotFoundException': org/grails/plugin/resource/ResourceProcessor$_prepareResourceBatch_closure15$_closure28BeanInfo> (0x00000000f3d25960) thrown at [/HUDSON/workspace/8-2-build-linux-amd64/jdk8u51/3951/hotspot/src/share/vm/cla
Event: 114.557 Thread 0x00007f8fbc001800 Exception <a 'java/lang/ClassNotFoundException': org/grails/plugin/resource/ResourceProcessor$_prepareResourceBatch_closure15$_closure28Customizer> (0x00000000f3dab6c8) thrown at [/HUDSON/workspace/8-2-build-linux-amd64/jdk8u51/3951/hotspot/src/share/vm/c
Event: 114.563 Thread 0x00007f8fbc001800 Exception <a 'java/lang/ClassNotFoundException': org/grails/plugin/resource/ResourceProcessor$_prepareSingleDeclaredResource_closure13BeanInfo> (0x00000000f3ef7120) thrown at [/HUDSON/workspace/8-2-build-linux-amd64/jdk8u51/3951/hotspot/src/share/vm/class
Event: 114.564 Thread 0x00007f8fbc001800 Exception <a 'java/lang/ClassNotFoundException': org/grails/plugin/resource/ResourceProcessor$_prepareSingleDeclaredResource_closure13Customizer> (0x00000000f3f7bea8) thrown at [/HUDSON/workspace/8-2-build-linux-amd64/jdk8u51/3951/hotspot/src/share/vm/cla
Event: 114.610 Thread 0x00007f8fbc001800 Exception <a 'java/lang/ClassNotFoundException': org/springframework/core/io/UrlResourceBeanInfo> (0x00000000f40f4da0) thrown at [/HUDSON/workspace/8-2-build-linux-amd64/jdk8u51/3951/hotspot/src/share/vm/classfile/systemDictionary.cpp, line 210]
Event: 114.611 Thread 0x00007f8fbc001800 Exception <a 'java/lang/ClassNotFoundException': org/springframework/core/io/UrlResourceCustomizer> (0x00000000f414b8d0) thrown at [/HUDSON/workspace/8-2-build-linux-amd64/jdk8u51/3951/hotspot/src/share/vm/classfile/systemDictionary.cpp, line 210]
Event: 114.619 Thread 0x00007f8fbc001800 Exception <a 'java/lang/ClassNotFoundException': com/googlecode/concurrentlinkedhashmap/ConcurrentLinkedHashMapBeanInfo> (0x00000000f41ecb58) thrown at [/HUDSON/workspace/8-2-build-linux-amd64/jdk8u51/3951/hotspot/src/share/vm/classfile/systemDictionary.c
Event: 114.620 Thread 0x00007f8fbc001800 Exception <a 'java/lang/ClassNotFoundException': com/googlecode/concurrentlinkedhashmap/ConcurrentLinkedHashMapCustomizer> (0x00000000f425ba28) thrown at [/HUDSON/workspace/8-2-build-linux-amd64/jdk8u51/3951/hotspot/src/share/vm/classfile/systemDictionary

Events (10 events):
Event: 114.620 loading class com/googlecode/concurrentlinkedhashmap/ConcurrentLinkedHashMapCustomizer done
Event: 114.623 loading class groovy/runtime/metaclass/java/net/URLMetaClass
Event: 114.623 loading class groovy/runtime/metaclass/java/net/URLMetaClass done
Event: 114.624 loading class groovy/runtime/metaclass/java/net/URIMetaClass
Event: 114.624 loading class groovy/runtime/metaclass/java/net/URIMetaClass done
Event: 114.627 Executing VM operation: RevokeBias
Event: 114.628 Executing VM operation: RevokeBias done
Event: 114.635 loading class org/grails/plugin/resource/ResourceProcessor$_doCanProcessLegacyResource_closure8
Event: 114.635 loading class org/grails/plugin/resource/ResourceProcessor$_doCanProcessLegacyResource_closure8 done
Event: 114.644 Executing VM operation: CollectForMetadataAllocation


Dynamic libraries:
00400000-00401000 r-xp 00000000 08:01 1705484                            /usr/lib/jvm/java-8-oracle/bin/java
00600000-00601000 rw-p 00000000 08:01 1705484                            /usr/lib/jvm/java-8-oracle/bin/java
013c0000-013e1000 rw-p 00000000 00:00 0                                  [heap]
c0000000-cb380000 rw-p 00000000 00:00 0 
d0b80000-eab00000 ---p 00000000 00:00 0 
eab00000-100000000 rw-p 00000000 00:00 0 
100000000-100800000 rw-p 00000000 00:00 0 
100800000-140000000 ---p 00000000 00:00 0 
7f8f88000000-7f8f88021000 rw-p 00000000 00:00 0 
7f8f88021000-7f8f8c000000 ---p 00000000 00:00 0 
7f8f90000000-7f8f90021000 rw-p 00000000 00:00 0 
7f8f90021000-7f8f94000000 ---p 00000000 00:00 0 
7f8f94000000-7f8f94021000 rw-p 00000000 00:00 0 
7f8f94021000-7f8f98000000 ---p 00000000 00:00 0 
7f8f98000000-7f8f98021000 rw-p 00000000 00:00 0 
7f8f98021000-7f8f9c000000 ---p 00000000 00:00 0 
7f8f9c000000-7f8f9c021000 rw-p 00000000 00:00 0 
7f8f9c021000-7f8fa0000000 ---p 00000000 00:00 0 
7f8fa33f6000-7f8fa34e1000 rw-p 00000000 00:00 0 
7f8fa34e1000-7f8fa35f6000 ---p 00000000 00:00 0 
7f8fa35f6000-7f8fa35f9000 ---p 00000000 00:00 0 
7f8fa35f9000-7f8fa36f7000 rw-p 00000000 00:00 0                          [stack:9009]
7f8fa36f7000-7f8fa36fa000 ---p 00000000 00:00 0 
7f8fa36fa000-7f8fa37f8000 rw-p 00000000 00:00 0                          [stack:9008]
7f8fa37f8000-7f8fa37fb000 ---p 00000000 00:00 0 
7f8fa37fb000-7f8fa38f9000 rw-p 00000000 00:00 0                          [stack:9007]
7f8fa38f9000-7f8fa38fc000 ---p 00000000 00:00 0 
7f8fa38fc000-7f8fa39fa000 rw-p 00000000 00:00 0                          [stack:9006]
7f8fa39fa000-7f8fa39fd000 ---p 00000000 00:00 0 
7f8fa39fd000-7f8fa3afb000 rw-p 00000000 00:00 0                          [stack:9005]
7f8fa3afb000-7f8fa3afe000 ---p 00000000 00:00 0 
7f8fa3afe000-7f8fa3bfc000 rw-p 00000000 00:00 0                          [stack:9004]
7f8fa3bfc000-7f8fa3bff000 ---p 00000000 00:00 0 
7f8fa3bff000-7f8fa3cfd000 rw-p 00000000 00:00 0                          [stack:9003]
7f8fa3cfd000-7f8fa3d00000 ---p 00000000 00:00 0 
7f8fa3d00000-7f8fa3dfe000 rw-p 00000000 00:00 0                          [stack:9002]
7f8fa3dfe000-7f8fa3e01000 ---p 00000000 00:00 0 
7f8fa3e01000-7f8fa3eff000 rw-p 00000000 00:00 0                          [stack:9001]
7f8fa3eff000-7f8fa3f02000 ---p 00000000 00:00 0 
7f8fa3f02000-7f8fa4000000 rw-p 00000000 00:00 0                          [stack:9000]
7f8fa4000000-7f8fa4021000 rw-p 00000000 00:00 0 
7f8fa4021000-7f8fa8000000 ---p 00000000 00:00 0 
7f8fa8000000-7f8fa8021000 rw-p 00000000 00:00 0 
7f8fa8021000-7f8fac000000 ---p 00000000 00:00 0 
7f8fac000000-7f8fac021000 rw-p 00000000 00:00 0 
7f8fac021000-7f8fb0000000 ---p 00000000 00:00 0 
7f8fb0000000-7f8fb0021000 rw-p 00000000 00:00 0 
7f8fb0021000-7f8fb4000000 ---p 00000000 00:00 0 
7f8fb4000000-7f8fb4021000 rw-p 00000000 00:00 0 
7f8fb4021000-7f8fb8000000 ---p 00000000 00:00 0 
7f8fb8000000-7f8fb8021000 rw-p 00000000 00:00 0 
7f8fb8021000-7f8fbc000000 ---p 00000000 00:00 0 
7f8fbc000000-7f8fbc28b000 rw-p 00000000 00:00 0 
7f8fbc28b000-7f8fc0000000 ---p 00000000 00:00 0 
7f8fc0000000-7f8fc1199000 rw-p 00000000 00:00 0 
7f8fc1199000-7f8fc4000000 ---p 00000000 00:00 0 
7f8fc4000000-7f8fc4038000 rw-p 00000000 00:00 0 
7f8fc4038000-7f8fc8000000 ---p 00000000 00:00 0 
7f8fc8000000-7f8fc8021000 rw-p 00000000 00:00 0 
7f8fc8021000-7f8fcc000000 ---p 00000000 00:00 0 
7f8fcc0c5000-7f8fcc0c8000 ---p 00000000 00:00 0 
7f8fcc0c8000-7f8fcc3c6000 rw-p 00000000 00:00 0                          [stack:8999]
7f8fcc3c6000-7f8fcc5c6000 rw-p 00000000 00:00 0 
7f8fcc5c6000-7f8fcc7c6000 rw-p 00000000 00:00 0 
7f8fcc7c6000-7f8fcc9c6000 rw-p 00000000 00:00 0 
7f8fcc9c6000-7f8fcc9c9000 ---p 00000000 00:00 0 
7f8fcc9c9000-7f8fcccc7000 rw-p 00000000 00:00 0                          [stack:8998]
7f8fcccc7000-7f8fccec7000 rw-p 00000000 00:00 0 
7f8fccec7000-7f8fcceca000 ---p 00000000 00:00 0 
7f8fcceca000-7f8fccfc8000 rw-p 00000000 00:00 0                          [stack:8997]
7f8fccfc8000-7f8fccfcb000 ---p 00000000 00:00 0 
7f8fccfcb000-7f8fcd2c9000 rw-p 00000000 00:00 0                          [stack:8995]
7f8fcd2c9000-7f8fcd4c9000 rw-p 00000000 00:00 0 
7f8fcd4c9000-7f8fcd6c9000 rw-p 00000000 00:00 0 
7f8fcd6c9000-7f8fcd6cc000 ---p 00000000 00:00 0 
7f8fcd6cc000-7f8fcd9ca000 rw-p 00000000 00:00 0                          [stack:8978]
7f8fcd9ca000-7f8fcdbca000 rw-p 00000000 00:00 0 
7f8fcdbca000-7f8fcddca000 rw-p 00000000 00:00 0 
7f8fcddca000-7f8fcdfca000 rw-p 00000000 00:00 0 
7f8fce0a5000-7f8fce0a8000 ---p 00000000 00:00 0 
7f8fce0a8000-7f8fce3a6000 rw-p 00000000 00:00 0                          [stack:8977]
7f8fce3a6000-7f8fce5a6000 rw-p 00000000 00:00 0 
7f8fce5a6000-7f8fce7a6000 rw-p 00000000 00:00 0 
7f8fce7cb000-7f8fce9cb000 rw-p 00000000 00:00 0 
7f8fce9cb000-7f8fcebcb000 rw-p 00000000 00:00 0 
7f8fcebcb000-7f8fcedcb000 rw-p 00000000 00:00 0 
7f8fcedcb000-7f8fcefcb000 rw-p 00000000 00:00 0 
7f8fcefcb000-7f8fcefce000 ---p 00000000 00:00 0 
7f8fcefce000-7f8fcf2cc000 rw-p 00000000 00:00 0                          [stack:8968]
7f8fcf2cc000-7f8fcf2cf000 ---p 00000000 00:00 0 
7f8fcf2cf000-7f8fcf3cd000 rw-p 00000000 00:00 0                          [stack:8967]
7f8fcf3cd000-7f8fcf3d0000 ---p 00000000 00:00 0 
7f8fcf3d0000-7f8fcf4ce000 rw-p 00000000 00:00 0                          [stack:8966]
7f8fcf4ce000-7f8fcf4df000 r-xp 00000000 08:01 2498660                    /usr/lib/jvm/java-8-oracle/jre/lib/amd64/libnio.so
7f8fcf4df000-7f8fcf6de000 ---p 00011000 08:01 2498660                    /usr/lib/jvm/java-8-oracle/jre/lib/amd64/libnio.so
7f8fcf6de000-7f8fcf6df000 rw-p 00010000 08:01 2498660                    /usr/lib/jvm/java-8-oracle/jre/lib/amd64/libnio.so
7f8fcf6df000-7f8fcf6e7000 r-xp 00000000 08:01 2504436                    /usr/lib/jvm/java-8-oracle/jre/lib/amd64/libmanagement.so
7f8fcf6e7000-7f8fcf8e7000 ---p 00008000 08:01 2504436                    /usr/lib/jvm/java-8-oracle/jre/lib/amd64/libmanagement.so
7f8fcf8e7000-7f8fcf8e8000 rw-p 00008000 08:01 2504436                    /usr/lib/jvm/java-8-oracle/jre/lib/amd64/libmanagement.so
7f8fcf8e8000-7f8fcfae8000 rw-p 00000000 00:00 0 
7f8fcfae8000-7f8fcfafe000 r-xp 00000000 08:01 2504428                    /usr/lib/jvm/java-8-oracle/jre/lib/amd64/libnet.so
7f8fcfafe000-7f8fcfcfe000 ---p 00016000 08:01 2504428                    /usr/lib/jvm/java-8-oracle/jre/lib/amd64/libnet.so
7f8fcfcfe000-7f8fcfcff000 rw-p 00016000 08:01 2504428                    /usr/lib/jvm/java-8-oracle/jre/lib/amd64/libnet.so
7f8fcfcff000-7f8fcfd02000 ---p 00000000 00:00 0 
7f8fcfd02000-7f8fd0000000 rw-p 00000000 00:00 0                          [stack:8965]
7f8fd0000000-7f8fd0021000 rw-p 00000000 00:00 0 
7f8fd0021000-7f8fd4000000 ---p 00000000 00:00 0 
7f8fd4000000-7f8fd4021000 rw-p 00000000 00:00 0 
7f8fd4021000-7f8fd8000000 ---p 00000000 00:00 0 
7f8fd8000000-7f8fd8021000 rw-p 00000000 00:00 0 
7f8fd8021000-7f8fdc000000 ---p 00000000 00:00 0 
7f8fdc000000-7f8fdc021000 rw-p 00000000 00:00 0 
7f8fdc021000-7f8fe0000000 ---p 00000000 00:00 0 
7f8fe0000000-7f8fe2fbb000 rw-p 00000000 00:00 0 
7f8fe2fbb000-7f8fe4000000 ---p 00000000 00:00 0 
7f8fe4000000-7f8fe4fd0000 rw-p 00000000 00:00 0 
7f8fe4fd0000-7f8fe8000000 ---p 00000000 00:00 0 
7f8fe8000000-7f8fe8021000 rw-p 00000000 00:00 0 
7f8fe8021000-7f8fec000000 ---p 00000000 00:00 0 
7f8fec000000-7f8fee9b6000 rw-p 00000000 00:00 0 
7f8fee9b6000-7f8ff0000000 ---p 00000000 00:00 0 
7f8ff0000000-7f8ff0021000 rw-p 00000000 00:00 0 
7f8ff0021000-7f8ff4000000 ---p 00000000 00:00 0 
7f8ff4000000-7f8ff4021000 rw-p 00000000 00:00 0 
7f8ff4021000-7f8ff8000000 ---p 00000000 00:00 0 
7f8ff8000000-7f8ff83d3000 rw-p 00000000 00:00 0 
7f8ff83d3000-7f8ffc000000 ---p 00000000 00:00 0 
7f8ffc000000-7f8ffc031000 rw-p 00000000 00:00 0 
7f8ffc031000-7f9000000000 ---p 00000000 00:00 0 
7f90000f1000-7f90000f2000 rw-p 00000000 00:00 0 
7f90000f2000-7f90000f7000 r--s 002f8000 08:01 1706334                    /usr/lib/jvm/java-8-oracle/jre/lib/charsets.jar
7f90000f7000-7f900010a000 r--s 00344000 08:01 1705549                    /usr/lib/jvm/java-8-oracle/jre/lib/resources.jar
7f900010a000-7f900010d000 r--s 00012000 08:01 9831755                    /home/gerar/grails-2.5.0/lib/javax.servlet/javax.servlet-api/jars/javax.servlet-api-3.0.1.jar
7f900010d000-7f9000112000 r--s 00033000 08:01 9965275                    /home/gerar/grails-2.5.0/dist/grails-project-api-2.5.0.jar
7f9000112000-7f900011c000 r--s 00098000 08:01 11928958                   /home/gerar/.m2/repository/org/quartz-scheduler/quartz/2.2.1/quartz-2.2.1.jar
7f900011c000-7f9000123000 r--s 00039000 08:01 11928957                   /home/gerar/.m2/repository/commons-codec/commons-codec/1.7/commons-codec-1.7.jar
7f9000123000-7f9000125000 r--s 00024000 08:01 11928953                   /home/gerar/.m2/repository/com/github/groovy-wslite/groovy-wslite/0.8.0/groovy-wslite-0.8.0.jar
7f9000125000-7f9000136000 r--s 000d2000 08:01 11141736                   /home/gerar/.m2/repository/org/liquibase/liquibase-core/2.0.5/liquibase-core-2.0.5.jar
7f9000136000-7f900013c000 r--s 0004c000 08:01 9438449                    /home/gerar/grails-2.5.0/lib/org.grails/grails-datastore-simple/jars/grails-datastore-simple-3.1.4.RELEASE.jar
7f900013c000-7f900013e000 r--s 0000a000 08:01 11141734                   /home/gerar/.m2/repository/org/grails/grails-datastore-gorm-plugin-support/3.1.4.RELEASE/grails-datastore-gorm-plugin-support-3.1.4.RELEASE.jar
7f900013e000-7f9000146000 r--s 00054000 08:01 11141732                   /home/gerar/.m2/repository/org/springframework/spring-orm/4.1.5.RELEASE/spring-orm-4.1.5.RELEASE.jar
7f9000146000-7f900014c000 r--s 00041000 08:01 11141731                   /home/gerar/.m2/repository/org/grails/grails-datastore-gorm-hibernate-core/3.1.4.RELEASE/grails-datastore-gorm-hibernate-core-3.1.4.RELEASE.jar
7f900014c000-7f9000151000 r--s 00048000 08:01 11141729                   /home/gerar/.m2/repository/dom4j/dom4j/1.6.1/dom4j-1.6.1.jar
7f9000151000-7f9000152000 r--s 00002000 08:01 11141727                   /home/gerar/.m2/repository/org/jboss/logging/jboss-logging-annotations/1.2.0.Beta1/jboss-logging-annotations-1.2.0.Beta1.jar
7f9000152000-7f9000155000 r--s 00010000 08:01 11141724                   /home/gerar/.m2/repository/org/hibernate/common/hibernate-commons-annotations/4.0.4.Final/hibernate-commons-annotations-4.0.4.Final.jar
7f9000155000-7f900015d000 r--s 00062000 08:01 11141722                   /home/gerar/.m2/repository/org/grails/grails-datastore-gorm-hibernate4/3.1.4.RELEASE/grails-datastore-gorm-hibernate4-3.1.4.RELEASE.jar
7f900015d000-7f9000167000 r--s 00080000 08:01 9438437                    /home/gerar/grails-2.5.0/lib/org.grails/grails-datastore-gorm/jars/grails-datastore-gorm-3.1.4.RELEASE.jar
7f9000167000-7f9000172000 r--s 00054000 08:01 9438440                    /home/gerar/grails-2.5.0/lib/org.grails/grails-datastore-core/jars/grails-datastore-core-3.1.4.RELEASE.jar
7f9000172000-7f9000174000 r--s 0000d000 08:01 11141720                   /home/gerar/.m2/repository/org/jboss/logging/jboss-logging/3.1.0.GA/jboss-logging-3.1.0.GA.jar
7f9000174000-7f900024c000 r--s 007c3000 08:01 11141718                   /home/gerar/.m2/repository/net/sf/ehcache/ehcache/2.9.0/ehcache-2.9.0.jar
7f900024c000-7f900024e000 r--s 00011000 08:01 11141716                   /home/gerar/.m2/repository/org/jboss/jandex/1.1.0.Final/jandex-1.1.0.Final.jar
7f900024e000-7f9000253000 r--s 00068000 08:01 11141714                   /home/gerar/.m2/repository/antlr/antlr/2.7.7/antlr-2.7.7.jar
7f9000253000-7f9000254000 r--s 00006000 08:01 11141713                   /home/gerar/.m2/repository/org/jboss/spec/javax/transaction/jboss-transaction-api_1.2_spec/1.0.0.Final/jboss-transaction-api_1.2_spec-1.0.0.Final.jar
7f9000254000-7f90002b2000 r--s 004aa000 08:01 11141710                   /home/gerar/.m2/repository/org/hibernate/hibernate-core/4.3.8.Final/hibernate-core-4.3.8.Final.jar
7f90002b2000-7f90002b6000 r--s 0001e000 08:01 11141709                   /home/gerar/.m2/repository/org/hibernate/hibernate-ehcache/4.3.8.Final/hibernate-ehcache-4.3.8.Final.jar
7f90002b6000-7f90002b8000 r--s 0000d000 08:01 11141706                   /home/gerar/.m2/repository/com/fasterxml/classmate/1.0.0/classmate-1.0.0.jar
7f90002b8000-7f90002bc000 r--s 0000c000 08:01 11141704                   /home/gerar/.m2/repository/javax/validation/validation-api/1.1.0.Final/validation-api-1.1.0.Final.jar
7f90002bc000-7f90002ca000 r--s 0008d000 08:01 11141702                   /home/gerar/.m2/repository/org/hibernate/hibernate-validator/5.1.3.Final/hibernate-validator-5.1.3.Final.jar
7f90002ca000-7f90002d3000 r--s 000a5000 08:01 11141686                   /home/gerar/.m2/repository/org/javassist/javassist/3.17.1-GA/javassist-3.17.1-GA.jar
7f90002d3000-7f90002db000 r--s 000cf000 08:01 11141879                   /home/gerar/.m2/repository/mysql/mysql-connector-java/5.1.29/mysql-connector-java-5.1.29.jar
7f90002db000-7f90002dd000 r--s 00085000 08:01 9962400                    /home/gerar/grails-2.5.0/dist/grails-resources-2.5.0.jar
7f90002dd000-7f90002ea000 r--s 00189000 08:01 9831904                    /home/gerar/grails-2.5.0/lib/com.h2database/h2/jars/h2-1.3.176.jar
7f90002ea000-7f90002ee000 r--s 0001f000 08:01 9965029                    /home/gerar/grails-2.5.0/dist/grails-plugin-converters-2.5.0.jar
7f90002ee000-7f90002f1000 r--s 00016000 08:01 9962887                    /home/gerar/grails-2.5.0/dist/grails-plugin-domain-class-2.5.0.jar
7f90002f1000-7f90002f3000 r--s 0000a000 08:01 9964973                    /home/gerar/grails-2.5.0/dist/grails-plugin-mimetypes-2.5.0.jar
7f90002f3000-7f90002f4000 r--s 0000e000 08:01 9831685                    /home/gerar/grails-2.5.0/lib/org.codehaus.jsr166-mirror/jsr166y/jars/jsr166y-1.7.0.jar
7f90002f4000-7f9000310000 r--s 00136000 08:01 9961702                    /home/gerar/grails-2.5.0/lib/org.codehaus.gpars/gpars/jars/gpars-1.2.1.jar
7f9000310000-7f9000312000 r--s 0000c000 08:01 9962915                    /home/gerar/grails-2.5.0/dist/grails-async-2.5.0.jar
7f9000312000-7f9000314000 r--s 0000a000 08:01 9962700                    /home/gerar/grails-2.5.0/dist/grails-plugin-async-2.5.0.jar
7f9000314000-7f9000318000 r--s 00028000 08:01 9832020                    /home/gerar/grails-2.5.0/lib/commons-validator/commons-validator/jars/commons-validator-1.4.0.jar
7f9000318000-7f900031a000 r--s 00014000 08:01 9962813                    /home/gerar/grails-2.5.0/dist/grails-validation-2.5.0.jar
7f900031a000-7f900031e000 r--s 00019000 08:01 9831774                    /home/gerar/grails-2.5.0/lib/com.googlecode.concurrentlinkedhashmap/concurrentlinkedhashmap-lru/jars/concurrentlinkedhashmap-lru-1.4.jar
7f900031e000-7f9000320000 r--s 0000c000 08:01 9962687                    /home/gerar/grails-2.5.0/dist/grails-plugin-url-mappings-2.5.0.jar
7f9000320000-7f9000322000 r--s 00004000 08:01 9962875                    /home/gerar/grails-2.5.0/dist/grails-plugin-servlets-2.5.0.jar
7f9000322000-7f9000329000 r--s 00037000 08:01 9961635                    /home/gerar/grails-2.5.0/lib/org.springframework/spring-tx/jars/spring-tx-4.1.5.RELEASE.jar
7f9000329000-7f900032b000 r--s 00007000 08:01 9965210                    /home/gerar/grails-2.5.0/dist/grails-plugin-services-2.5.0.jar
7f900032b000-7f900032c000 r--s 00001000 08:01 9961725                    /home/gerar/grails-2.5.0/lib/org.slf4j/jul-to-slf4j/jars/jul-to-slf4j-1.7.5.jar
7f900032c000-7f900033c000 r--s 000a0000 08:01 9961621                    /home/gerar/grails-2.5.0/lib/org.springframework/spring-web/jars/spring-web-4.1.5.RELEASE.jar
7f900033c000-7f9000341000 r--s 0002a000 08:01 9965025                    /home/gerar/grails-2.5.0/dist/grails-encoder-2.5.0.jar
7f9000341000-7f9000343000 r--s 0000e000 08:01 9964969                    /home/gerar/grails-2.5.0/dist/grails-plugin-codecs-2.5.0.jar
7f9000343000-7f9000344000 r--s 00000000 08:01 9965152                    /home/gerar/grails-2.5.0/dist/grails-logging-2.5.0.jar
7f9000344000-7f9000345000 r--s 0000a000 08:01 9962463                    /home/gerar/grails-2.5.0/dist/grails-web-gsp-taglib-2.5.0.jar
7f9000345000-7f900034b000 r--s 0004c000 08:01 9962680                    /home/gerar/grails-2.5.0/dist/grails-plugin-gsp-2.5.0.jar
7f900034b000-7f900034d000 r--s 00009000 08:01 9965258                    /home/gerar/grails-2.5.0/dist/grails-plugin-filters-2.5.0.jar
7f900034d000-7f9000352000 r--s 00041000 08:01 9961752                    /home/gerar/grails-2.5.0/lib/commons-lang/commons-lang/jars/commons-lang-2.6.jar
7f9000352000-7f9000353000 r--s 00004000 08:01 9962909                    /home/gerar/grails-2.5.0/dist/grails-plugin-i18n-2.5.0.jar
7f9000353000-7f9000358000 r--s 00017000 08:01 9961695                    /home/gerar/grails-2.5.0/lib/org.hibernate.javax.persistence/hibernate-jpa-2.1-api/jars/hibernate-jpa-2.1-api-1.0.0.Final.jar
7f9000358000-7f9000365000 r--s 000a0000 08:01 9961617                    /home/gerar/grails-2.5.0/lib/org.springframework/spring-beans/jars/spring-beans-4.1.5.RELEASE.jar
7f9000365000-7f900037a000 r--s 000e2000 08:01 9961680                    /home/gerar/grails-2.5.0/lib/org.springframework/spring-core/jars/spring-core-4.1.5.RELEASE.jar
7f900037a000-7f900037b000 r--s 00009000 08:01 9965000                    /home/gerar/grails-2.5.0/dist/grails-spring-2.5.0.jar
7f900037b000-7f900037d000 r--s 00000000 08:01 9832066                    /home/gerar/grails-2.5.0/lib/aopalliance/aopalliance/jars/aopalliance-1.0.jar
7f900037d000-7f9000381000 r--s 00040000 08:01 9438432                    /home/gerar/grails-2.5.0/lib/xalan/serializer/jars/serializer-2.7.2.jar
7f9000381000-7f900038e000 r--s 00096000 08:01 9965207                    /home/gerar/grails-2.5.0/dist/grails-core-2.5.0.jar
7f900038e000-7f900038f000 r--s 00004000 08:01 9962454                    /home/gerar/grails-2.5.0/dist/grails-plugin-databinding-2.5.0.jar
7f900038f000-7f9000391000 r--s 00008000 08:01 9831883                    /home/gerar/grails-2.5.0/lib/org.apache.tomcat/tomcat-juli/jars/tomcat-juli-7.0.50.jar
7f9000391000-7f9000393000 r--s 0001d000 08:01 9831889                    /home/gerar/grails-2.5.0/lib/org.apache.tomcat/tomcat-jdbc/jars/tomcat-jdbc-7.0.50.jar
7f9000393000-7f9000398000 r--s 0003b000 08:01 9961610                    /home/gerar/grails-2.5.0/lib/org.springframework/spring-expression/jars/spring-expression-4.1.5.RELEASE.jar
7f9000398000-7f90003a1000 r--s 0004f000 08:01 9961666                    /home/gerar/grails-2.5.0/lib/org.springframework/spring-aop/jars/spring-aop-4.1.5.RELEASE.jar
7f90003a1000-7f90003b9000 r--s 000e3000 08:01 9961652                    /home/gerar/grails-2.5.0/lib/org.springframework/spring-context/jars/spring-context-4.1.5.RELEASE.jar
7f90003b9000-7f90003c3000 r--s 0005f000 08:01 9961629                    /home/gerar/grails-2.5.0/lib/org.springframework/spring-jdbc/jars/spring-jdbc-4.1.5.RELEASE.jar
7f90003c3000-7f90003c5000 r--s 0000a000 08:01 9962908                    /home/gerar/grails-2.5.0/dist/grails-plugin-datasource-2.5.0.jar
7f90003c5000-7f90003ca000 r--s 0002a000 08:01 9832047                    /home/gerar/grails-2.5.0/lib/com.google.code.gson/gson/jars/gson-2.2.4.jar
7f90003ca000-7f90003cc000 r--s 00009000 08:01 9965217                    /home/gerar/grails-2.5.0/dist/grails-plugin-validation-2.5.0.jar
7f90003cc000-7f90003cf000 r--s 0001d000 08:01 9964935                    /home/gerar/grails-2.5.0/dist/grails-plugin-controllers-2.5.0.jar
7f90003cf000-7f90003d5000 r--s 00027000 08:01 9831893                    /home/gerar/grails-2.5.0/lib/opensymphony/sitemesh/jars/sitemesh-2.4.jar
7f90003d5000-7f90003d7000 r--s 0000b000 08:01 9964974                    /home/gerar/grails-2.5.0/dist/grails-web-sitemesh-2.5.0.jar
7f90003d7000-7f90003db000 r--s 00019000 08:01 9831940                    /home/gerar/grails-2.5.0/lib/org.aspectj/aspectjrt/jars/aspectjrt-1.8.5.jar
7f90003db000-7f90003df000 r--s 00027000 08:01 9831813                    /home/gerar/grails-2.5.0/lib/commons-io/commons-io/jars/commons-io-2.2.jar
7f90003df000-7f90003e1000 r--s 0000f000 08:01 9831933                    /home/gerar/grails-2.5.0/lib/commons-fileupload/commons-fileupload/jars/commons-fileupload-1.3.1.jar
7f90003e1000-7f90003e3000 r--s 00009000 08:01 9962785                    /home/gerar/grails-2.5.0/dist/grails-web-mvc-2.5.0.jar
7f90003e3000-7f90003e6000 r--s 00020000 08:01 9965158                    /home/gerar/grails-2.5.0/dist/grails-web-url-mappings-2.5.0.jar
7f90003e6000-7f90003fe000 r--s 001af000 08:01 9831943                    /home/gerar/grails-2.5.0/lib/org.aspectj/aspectjweaver/jars/aspectjweaver-1.8.5.jar
7f90003fe000-7f9000401000 r--s 00014000 08:01 9965087                    /home/gerar/grails-2.5.0/dist/grails-web-databinding-2.5.0.jar
7f9000401000-7f9000403000 r--s 0000c000 08:01 9961659                    /home/gerar/grails-2.5.0/lib/org.springframework/spring-aspects/jars/spring-aspects-4.1.5.RELEASE.jar
7f9000403000-7f9000406000 r--s 00020000 08:01 9964987                    /home/gerar/grails-2.5.0/dist/grails-web-jsp-2.5.0.jar
7f9000406000-7f9000409000 r--s 0000d000 08:01 9965171                    /home/gerar/grails-2.5.0/dist/grails-databinding-2.5.0.jar
7f9000409000-7f9000418000 r--s 000b0000 08:01 9961656                    /home/gerar/grails-2.5.0/lib/org.springframework/spring-webmvc/jars/spring-webmvc-4.1.5.RELEASE.jar
7f9000418000-7f900041d000 r--s 00027000 08:01 9961638                    /home/gerar/grails-2.5.0/lib/org.springframework/spring-context-support/jars/spring-context-support-4.1.5.RELEASE.jar
7f900041d000-7f9000422000 r--s 0002c000 08:01 9965109                    /home/gerar/grails-2.5.0/dist/grails-web-common-2.5.0.jar
7f9000422000-7f9000429000 r--s 00049000 08:01 9962567                    /home/gerar/grails-2.5.0/dist/grails-web-gsp-2.5.0.jar
7f9000429000-7f900042b000 r--s 00009000 08:01 9962405                    /home/gerar/grails-2.5.0/dist/grails-web-2.5.0.jar
7f900042b000-7f900042f000 r--s 00028000 08:01 9962819                    /home/gerar/grails-2.5.0/dist/grails-plugin-rest-2.5.0.jar
7f900042f000-7f900062f000 rw-p 00000000 00:00 0 
7f900062f000-7f9000630000 r--s 00000000 08:01 9965019                    /home/gerar/grails-2.5.0/dist/grails-web-fileupload-2.5.0.jar
7f9000630000-7f9000633000 ---p 00000000 00:00 0 
7f9000633000-7f9000731000 rw-p 00000000 00:00 0                          [stack:8964]
7f9000731000-7f900074d000 r--s 00393000 08:01 1705539                    /usr/lib/jvm/java-8-oracle/jre/lib/ext/cldrdata.jar
7f900074d000-7f900094d000 rw-p 00000000 00:00 0 
7f900094d000-7f9000b4d000 rw-p 00000000 00:00 0 
7f9000b4d000-7f9000b4f000 r--s 00001000 08:01 1705540                    /usr/lib/jvm/java-8-oracle/jre/lib/ext/dnsns.jar
7f9000b4f000-7f9000d4f000 rw-p 00000000 00:00 0 
7f9000d4f000-7f9000d52000 ---p 00000000 00:00 0 
7f9000d52000-7f9000e50000 rw-p 00000000 00:00 0                          [stack:8953]
7f9000e50000-7f9000e5a000 r--s 00116000 08:01 1705538                    /usr/lib/jvm/java-8-oracle/jre/lib/ext/localedata.jar
7f9000e5a000-7f9000e61000 r--s 00000000 08:01 2363918                    /usr/lib/x86_64-linux-gnu/gconv/gconv-modules.cache
7f9000e61000-7f9000e87000 r--p 00000000 08:01 3301000                    /usr/share/locale-langpack/es/LC_MESSAGES/libc.mo
7f9000e87000-7f9000e88000 r-xp 00000000 08:01 262258                     /tmp/libjansi-64-483391610086150848.so
7f9000e88000-7f9001087000 ---p 00001000 08:01 262258                     /tmp/libjansi-64-483391610086150848.so
7f9001087000-7f9001088000 rw-p 00000000 08:01 262258                     /tmp/libjansi-64-483391610086150848.so
7f9001088000-7f900108b000 ---p 00000000 00:00 0 
7f900108b000-7f90010c1000 rw-p 00000000 00:00 0                          [stack:8942]
7f90010c1000-7f90010c5000 r--s 00095000 08:01 1706341                    /usr/lib/jvm/java-8-oracle/jre/lib/jsse.jar
7f90010c5000-7f90012c5000 rw-p 00000000 00:00 0 
7f90012c5000-7f90012c6000 ---p 00000000 00:00 0 
7f90012c6000-7f90013c6000 rw-p 00000000 00:00 0                          [stack:8916]
7f90013c6000-7f90013c9000 ---p 00000000 00:00 0 
7f90013c9000-7f90014c7000 rw-p 00000000 00:00 0                          [stack:8915]
7f90014c7000-7f90014ca000 ---p 00000000 00:00 0 
7f90014ca000-7f90015c8000 rw-p 00000000 00:00 0                          [stack:8914]
7f90015c8000-7f90015cb000 ---p 00000000 00:00 0 
7f90015cb000-7f90016c9000 rw-p 00000000 00:00 0                          [stack:8913]
7f90016c9000-7f90016cc000 ---p 00000000 00:00 0 
7f90016cc000-7f90017ca000 rw-p 00000000 00:00 0                          [stack:8912]
7f90017ca000-7f90017d1000 r--s 00060000 08:01 9961674                    /home/gerar/grails-2.5.0/lib/org.springframework/springloaded/jars/springloaded-1.2.3.RELEASE.jar
7f90017d1000-7f90017e1000 r--s 0019c000 08:01 11141188                   /home/gerar/.m2/repository/org/eclipse/jdt/core/compiler/ecj/3.7.2/ecj-3.7.2.jar
7f90017e1000-7f9001803000 r--s 0026b000 08:01 11141189                   /home/gerar/.m2/repository/org/apache/tomcat/embed/tomcat-embed-core/7.0.55/tomcat-embed-core-7.0.55.jar
7f9001803000-7f9001808000 r--s 0002f000 08:01 11141185                   /home/gerar/.m2/repository/org/apache/tomcat/embed/tomcat-embed-websocket/7.0.55/tomcat-embed-websocket-7.0.55.jar
7f9001808000-7f900181d000 r--s 00116000 08:01 9831792                    /home/gerar/grails-2.5.0/lib/org.apache.ivy/ivy/jars/ivy-2.3.0.jar
7f900181d000-7f9001820000 ---p 00000000 00:00 0 
7f9001820000-7f900191e000 rw-p 00000000 00:00 0                          [stack:8911]
7f900191e000-7f9002000000 r--p 00000000 08:01 1710978                    /usr/lib/locale/locale-archive
7f9002000000-7f9004000000 rw-p 00000000 00:00 0 
7f9004000000-7f9004026000 rw-p 00000000 00:00 0 
7f9004026000-7f9008000000 ---p 00000000 00:00 0 
7f9008000000-7f9008021000 rw-p 00000000 00:00 0 
7f9008021000-7f900c000000 ---p 00000000 00:00 0 
7f900c000000-7f900c037000 rw-p 00000000 00:00 0 
7f900c037000-7f9010000000 ---p 00000000 00:00 0 
7f9010000000-7f9010009000 r--s 0009f000 08:01 11141177                   /home/gerar/.m2/repository/org/apache/tomcat/embed/tomcat-embed-jasper/7.0.55/tomcat-embed-jasper-7.0.55.jar
7f9010009000-7f9010078000 r--s 00637000 08:01 9571492                    /home/gerar/grails-2.5.0/lib/org.codehaus.groovy/groovy-all/jars/groovy-all-2.4.3.jar
7f9010078000-7f90100f1000 r--s 010e7000 08:01 1706376                    /usr/lib/jvm/java-8-oracle/lib/tools.jar
7f90100f1000-7f90100f4000 ---p 00000000 00:00 0 
7f90100f4000-7f90101f2000 rw-p 00000000 00:00 0                          [stack:8910]
7f90101f2000-7f90101f5000 ---p 00000000 00:00 0 
7f90101f5000-7f90102f3000 rw-p 00000000 00:00 0                          [stack:8909]
7f90102f3000-7f90102f4000 ---p 00000000 00:00 0 
7f90102f4000-7f9011000000 rw-p 00000000 00:00 0                          [stack:8908]
7f9011000000-7f9012880000 rwxp 00000000 00:00 0 
7f9012880000-7f9020000000 ---p 00000000 00:00 0 
7f9020000000-7f9020f85000 rw-p 00000000 00:00 0 
7f9020f85000-7f9024000000 ---p 00000000 00:00 0 
7f9024000000-7f9024002000 r--s 00010000 08:01 11929503                   /home/gerar/preparacionVersionado2/privado/target/work/plugins/tomcat-7.0.55.2/grails-plugin-tomcat-7.0.55.2.jar
7f9024002000-7f9024004000 r--s 00013000 08:01 11141183                   /home/gerar/.m2/repository/org/apache/tomcat/embed/tomcat-embed-logging-log4j/7.0.55/tomcat-embed-logging-log4j-7.0.55.jar
7f9024004000-7f9024007000 r--s 00028000 08:01 11141179                   /home/gerar/.m2/repository/org/apache/tomcat/embed/tomcat-embed-el/7.0.55/tomcat-embed-el-7.0.55.jar
7f9024007000-7f9024025000 r--s 001bd000 08:01 9832040                    /home/gerar/grails-2.5.0/lib/org.apache.ant/ant/jars/ant-1.8.4.jar
7f9024025000-7f9024328000 rw-p 00000000 00:00 0 
7f9024328000-7f9024500000 r--s 03d0c000 08:01 1706333                    /usr/lib/jvm/java-8-oracle/jre/lib/rt.jar
7f9024500000-7f9024d76000 rw-p 00000000 00:00 0 
7f9024d76000-7f9024f76000 rw-p 00000000 00:00 0 
7f9024f76000-7f9024f77000 ---p 00000000 00:00 0 
7f9024f77000-7f9025077000 rw-p 00000000 00:00 0                          [stack:8907]
7f9025077000-7f9025078000 ---p 00000000 00:00 0 
7f9025078000-7f9025178000 rw-p 00000000 00:00 0                          [stack:8906]
7f9025178000-7f9025179000 ---p 00000000 00:00 0 
7f9025179000-7f9025279000 rw-p 00000000 00:00 0                          [stack:8905]
7f9025279000-7f902527a000 ---p 00000000 00:00 0 
7f902527a000-7f90253d4000 rw-p 00000000 00:00 0                          [stack:8904]
7f90253d4000-7f90254d0000 ---p 00000000 00:00 0 
7f90254d0000-7f902552a000 rw-p 00000000 00:00 0 
7f902552a000-7f9025625000 ---p 00000000 00:00 0 
7f9025625000-7f90256d0000 rw-p 00000000 00:00 0 
7f90256d0000-7f9025733000 rw-p 00000000 00:00 0 
7f9025733000-7f9025a91000 ---p 00000000 00:00 0 
7f9025a91000-7f9025aab000 r-xp 00000000 08:01 2504440                    /usr/lib/jvm/java-8-oracle/jre/lib/amd64/libzip.so
7f9025aab000-7f9025cab000 ---p 0001a000 08:01 2504440                    /usr/lib/jvm/java-8-oracle/jre/lib/amd64/libzip.so
7f9025cab000-7f9025cac000 rw-p 0001a000 08:01 2504440                    /usr/lib/jvm/java-8-oracle/jre/lib/amd64/libzip.so
7f9025cac000-7f9025cb7000 r-xp 00000000 08:01 2102032                    /lib/x86_64-linux-gnu/libnss_files-2.19.so
7f9025cb7000-7f9025eb6000 ---p 0000b000 08:01 2102032                    /lib/x86_64-linux-gnu/libnss_files-2.19.so
7f9025eb6000-7f9025eb7000 r--p 0000a000 08:01 2102032                    /lib/x86_64-linux-gnu/libnss_files-2.19.so
7f9025eb7000-7f9025eb8000 rw-p 0000b000 08:01 2102032                    /lib/x86_64-linux-gnu/libnss_files-2.19.so
7f9025eb8000-7f9025ec3000 r-xp 00000000 08:01 2102052                    /lib/x86_64-linux-gnu/libnss_nis-2.19.so
7f9025ec3000-7f90260c2000 ---p 0000b000 08:01 2102052                    /lib/x86_64-linux-gnu/libnss_nis-2.19.so
7f90260c2000-7f90260c3000 r--p 0000a000 08:01 2102052                    /lib/x86_64-linux-gnu/libnss_nis-2.19.so
7f90260c3000-7f90260c4000 rw-p 0000b000 08:01 2102052                    /lib/x86_64-linux-gnu/libnss_nis-2.19.so
7f90260c4000-7f90260db000 r-xp 00000000 08:01 2102041                    /lib/x86_64-linux-gnu/libnsl-2.19.so
7f90260db000-7f90262da000 ---p 00017000 08:01 2102041                    /lib/x86_64-linux-gnu/libnsl-2.19.so
7f90262da000-7f90262db000 r--p 00016000 08:01 2102041                    /lib/x86_64-linux-gnu/libnsl-2.19.so
7f90262db000-7f90262dc000 rw-p 00017000 08:01 2102041                    /lib/x86_64-linux-gnu/libnsl-2.19.so
7f90262dc000-7f90262de000 rw-p 00000000 00:00 0 
7f90262de000-7f90262e7000 r-xp 00000000 08:01 2102040                    /lib/x86_64-linux-gnu/libnss_compat-2.19.so
7f90262e7000-7f90264e6000 ---p 00009000 08:01 2102040                    /lib/x86_64-linux-gnu/libnss_compat-2.19.so
7f90264e6000-7f90264e7000 r--p 00008000 08:01 2102040                    /lib/x86_64-linux-gnu/libnss_compat-2.19.so
7f90264e7000-7f90264e8000 rw-p 00009000 08:01 2102040                    /lib/x86_64-linux-gnu/libnss_compat-2.19.so
7f90264e8000-7f90264f2000 r-xp 00000000 08:01 2504425                    /usr/lib/jvm/java-8-oracle/jre/lib/amd64/libinstrument.so
7f90264f2000-7f90266f1000 ---p 0000a000 08:01 2504425                    /usr/lib/jvm/java-8-oracle/jre/lib/amd64/libinstrument.so
7f90266f1000-7f90266f2000 rw-p 00009000 08:01 2504425                    /usr/lib/jvm/java-8-oracle/jre/lib/amd64/libinstrument.so
7f90266f2000-7f902671c000 r-xp 00000000 08:01 2504423                    /usr/lib/jvm/java-8-oracle/jre/lib/amd64/libjava.so
7f902671c000-7f902691c000 ---p 0002a000 08:01 2504423                    /usr/lib/jvm/java-8-oracle/jre/lib/amd64/libjava.so
7f902691c000-7f902691e000 rw-p 0002a000 08:01 2504423                    /usr/lib/jvm/java-8-oracle/jre/lib/amd64/libjava.so
7f902691e000-7f902692b000 r-xp 00000000 08:01 2504403                    /usr/lib/jvm/java-8-oracle/jre/lib/amd64/libverify.so
7f902692b000-7f9026b2b000 ---p 0000d000 08:01 2504403                    /usr/lib/jvm/java-8-oracle/jre/lib/amd64/libverify.so
7f9026b2b000-7f9026b2d000 rw-p 0000d000 08:01 2504403                    /usr/lib/jvm/java-8-oracle/jre/lib/amd64/libverify.so
7f9026b2d000-7f9026b34000 r-xp 00000000 08:01 2102049                    /lib/x86_64-linux-gnu/librt-2.19.so
7f9026b34000-7f9026d33000 ---p 00007000 08:01 2102049                    /lib/x86_64-linux-gnu/librt-2.19.so
7f9026d33000-7f9026d34000 r--p 00006000 08:01 2102049                    /lib/x86_64-linux-gnu/librt-2.19.so
7f9026d34000-7f9026d35000 rw-p 00007000 08:01 2102049                    /lib/x86_64-linux-gnu/librt-2.19.so
7f9026d35000-7f9026e3a000 r-xp 00000000 08:01 2102031                    /lib/x86_64-linux-gnu/libm-2.19.so
7f9026e3a000-7f9027039000 ---p 00105000 08:01 2102031                    /lib/x86_64-linux-gnu/libm-2.19.so
7f9027039000-7f902703a000 r--p 00104000 08:01 2102031                    /lib/x86_64-linux-gnu/libm-2.19.so
7f902703a000-7f902703b000 rw-p 00105000 08:01 2102031                    /lib/x86_64-linux-gnu/libm-2.19.so
7f902703b000-7f9027ce9000 r-xp 00000000 08:01 2500244                    /usr/lib/jvm/java-8-oracle/jre/lib/amd64/server/libjvm.so
7f9027ce9000-7f9027ee9000 ---p 00cae000 08:01 2500244                    /usr/lib/jvm/java-8-oracle/jre/lib/amd64/server/libjvm.so
7f9027ee9000-7f9027fc0000 rw-p 00cae000 08:01 2500244                    /usr/lib/jvm/java-8-oracle/jre/lib/amd64/server/libjvm.so
7f9027fc0000-7f9028004000 rw-p 00000000 00:00 0 
7f9028004000-7f90281bf000 r-xp 00000000 08:01 2102046                    /lib/x86_64-linux-gnu/libc-2.19.so
7f90281bf000-7f90283be000 ---p 001bb000 08:01 2102046                    /lib/x86_64-linux-gnu/libc-2.19.so
7f90283be000-7f90283c2000 r--p 001ba000 08:01 2102046                    /lib/x86_64-linux-gnu/libc-2.19.so
7f90283c2000-7f90283c4000 rw-p 001be000 08:01 2102046                    /lib/x86_64-linux-gnu/libc-2.19.so
7f90283c4000-7f90283c9000 rw-p 00000000 00:00 0 
7f90283c9000-7f90283cc000 r-xp 00000000 08:01 2102035                    /lib/x86_64-linux-gnu/libdl-2.19.so
7f90283cc000-7f90285cb000 ---p 00003000 08:01 2102035                    /lib/x86_64-linux-gnu/libdl-2.19.so
7f90285cb000-7f90285cc000 r--p 00002000 08:01 2102035                    /lib/x86_64-linux-gnu/libdl-2.19.so
7f90285cc000-7f90285cd000 rw-p 00003000 08:01 2102035                    /lib/x86_64-linux-gnu/libdl-2.19.so
7f90285cd000-7f90285e2000 r-xp 00000000 08:01 3932223                    /usr/lib/jvm/java-8-oracle/lib/amd64/jli/libjli.so
7f90285e2000-7f90287e2000 ---p 00015000 08:01 3932223                    /usr/lib/jvm/java-8-oracle/lib/amd64/jli/libjli.so
7f90287e2000-7f90287e3000 rw-p 00015000 08:01 3932223                    /usr/lib/jvm/java-8-oracle/lib/amd64/jli/libjli.so
7f90287e3000-7f90287fc000 r-xp 00000000 08:01 2102047                    /lib/x86_64-linux-gnu/libpthread-2.19.so
7f90287fc000-7f90289fb000 ---p 00019000 08:01 2102047                    /lib/x86_64-linux-gnu/libpthread-2.19.so
7f90289fb000-7f90289fc000 r--p 00018000 08:01 2102047                    /lib/x86_64-linux-gnu/libpthread-2.19.so
7f90289fc000-7f90289fd000 rw-p 00019000 08:01 2102047                    /lib/x86_64-linux-gnu/libpthread-2.19.so
7f90289fd000-7f9028a01000 rw-p 00000000 00:00 0 
7f9028a01000-7f9028a24000 r-xp 00000000 08:01 2102043                    /lib/x86_64-linux-gnu/ld-2.19.so
7f9028a24000-7f9028a26000 r--s 0000c000 08:01 11141181                   /home/gerar/.m2/repository/org/apache/tomcat/tomcat-catalina-ant/7.0.55/tomcat-catalina-ant-7.0.55.jar
7f9028a26000-7f9028a28000 r--s 0001a000 08:01 9961774                    /home/gerar/grails-2.5.0/lib/org.fusesource.jansi/jansi/jars/jansi-1.11.jar
7f9028a28000-7f9028a2b000 r--s 00018000 08:01 9832029                    /home/gerar/grails-2.5.0/lib/org.apache.ant/ant-junit/jars/ant-junit-1.8.4.jar
7f9028a2b000-7f9028a2c000 r--s 00001000 08:01 9832043                    /home/gerar/grails-2.5.0/lib/org.apache.ant/ant-trax/jars/ant-trax-1.7.1.jar
7f9028a2c000-7f9028a30000 r--s 00031000 08:01 9961736                    /home/gerar/grails-2.5.0/lib/jline/jline/jars/jline-2.12.jar
7f9028a30000-7f9028a3d000 r--s 000b6000 08:01 9962740                    /home/gerar/grails-2.5.0/dist/grails-bootstrap-2.5.0.jar
7f9028a3d000-7f9028a46000 r--s 0006f000 08:01 9831697                    /home/gerar/grails-2.5.0/lib/log4j/log4j/jars/log4j-1.2.17.jar
7f9028a46000-7f9028b04000 rw-p 00000000 00:00 0 
7f9028b04000-7f9028b07000 ---p 00000000 00:00 0 
7f9028b07000-7f9028c09000 rw-p 00000000 00:00 0                          [stack:8903]
7f9028c09000-7f9028c0a000 r--s 00004000 08:01 9832025                    /home/gerar/grails-2.5.0/lib/org.apache.ant/ant-launcher/jars/ant-launcher-1.8.4.jar
7f9028c0a000-7f9028c0c000 r--s 00005000 08:01 9961731                    /home/gerar/grails-2.5.0/lib/org.slf4j/slf4j-api/jars/slf4j-api-1.7.5.jar
7f9028c0c000-7f9028c0e000 r--s 0000b000 08:01 9962881                    /home/gerar/grails-2.5.0/dist/grails-plugin-log4j-2.5.0.jar
7f9028c0e000-7f9028c10000 r--s 00013000 08:01 9831898                    /home/gerar/grails-2.5.0/lib/org.apache.tomcat.embed/tomcat-embed-logging-log4j/jars/tomcat-embed-logging-log4j-7.0.50.jar
7f9028c10000-7f9028c15000 r--s 00050000 08:01 9832016                    /home/gerar/grails-2.5.0/lib/org.codehaus.gant/gant_groovy1.8/jars/gant_groovy1.8-1.9.6.jar
7f9028c15000-7f9028c17000 r--s 00003000 08:01 9961715                    /home/gerar/grails-2.5.0/lib/org.slf4j/jcl-over-slf4j/jars/jcl-over-slf4j-1.7.5.jar
7f9028c17000-7f9028c1f000 rw-s 00000000 08:01 262257                     /tmp/hsperfdata_gerar/8900
7f9028c1f000-7f9028c20000 rw-p 00000000 00:00 0 
7f9028c20000-7f9028c21000 ---p 00000000 00:00 0 
7f9028c21000-7f9028c23000 rw-p 00000000 00:00 0 
7f9028c23000-7f9028c24000 r--p 00022000 08:01 2102043                    /lib/x86_64-linux-gnu/ld-2.19.so
7f9028c24000-7f9028c25000 rw-p 00023000 08:01 2102043                    /lib/x86_64-linux-gnu/ld-2.19.so
7f9028c25000-7f9028c26000 rw-p 00000000 00:00 0 
7fff33a86000-7fff33aa8000 rw-p 00000000 00:00 0                          [stack]
7fff33aab000-7fff33aad000 r-xp 00000000 00:00 0                          [vdso]
7fff33aad000-7fff33aaf000 r--p 00000000 00:00 0                          [vvar]
ffffffffff600000-ffffffffff601000 r-xp 00000000 00:00 0                  [vsyscall]

VM Arguments:
jvm_args: -Dfile.encoding=UTF-8 -Xmx1024M -Xms64M -Dgrails.fork.parent.process.port=43406 -Dgrails.fork.active=true -Dgrails.build.execution.context=/tmp/privado2076607979855922204grails-execution-context -Dgrails.home=/home/gerar/grails-2.5.0 -javaagent:/home/gerar/grails-2.5.0/lib/org.springframework/springloaded/jars/springloaded-1.2.3.RELEASE.jar -Xverify:none -Dspringloaded.synchronize=true -Djdk.reflect.allowGetCallerClass=true -Dspringloaded=profile=grails;cacheDir=/home/gerar/.grails/2.5.0 
java_command: org.grails.plugins.tomcat.fork.ForkedTomcatServer
java_class_path (initial): /usr/lib/jvm/java-8-oracle/lib/tools.jar:/home/gerar/grails-2.5.0/lib/org.codehaus.groovy/groovy-all/jars/groovy-all-2.4.3.jar:/home/gerar/grails-2.5.0/lib/org.slf4j/jcl-over-slf4j/jars/jcl-over-slf4j-1.7.5.jar:/home/gerar/grails-2.5.0/lib/org.codehaus.gant/gant_groovy1.8/jars/gant_groovy1.8-1.9.6.jar:/home/gerar/grails-2.5.0/lib/org.apache.tomcat.embed/tomcat-embed-logging-log4j/jars/tomcat-embed-logging-log4j-7.0.50.jar:/home/gerar/grails-2.5.0/dist/grails-plugin-log4j-2.5.0.jar:/home/gerar/grails-2.5.0/lib/log4j/log4j/jars/log4j-1.2.17.jar:/home/gerar/grails-2.5.0/dist/grails-bootstrap-2.5.0.jar:/home/gerar/grails-2.5.0/lib/org.slf4j/slf4j-api/jars/slf4j-api-1.7.5.jar:/home/gerar/grails-2.5.0/lib/jline/jline/jars/jline-2.12.jar:/home/gerar/grails-2.5.0/lib/org.apache.ant/ant/jars/ant-1.8.4.jar:/home/gerar/grails-2.5.0/lib/org.apache.ant/ant-launcher/jars/ant-launcher-1.8.4.jar:/home/gerar/grails-2.5.0/lib/org.apache.ant/ant-trax/jars/ant-trax-1.7.1.jar:/home/gerar/grails-2.5.0/lib/org.apache.ant/ant-junit/jars/ant-junit-1.8.4.jar:/home/gerar/grails-2.5.0/lib/org.apache.ivy/ivy/jars/ivy-2.3.0.jar:/home/gerar/grails-2.5.0/lib/org.fusesource.jansi/jansi/jars/jansi-1.11.jar:/home/gerar/.m2/repository/org/apache/tomcat/tomcat-catalina-ant/7.0.55/tomcat-catalina-ant-7.0.55.jar:/home/gerar/.m2/repository/org/apache/tomcat/embed/tomcat-embed-jasper/7.0.55/tomcat-embed-jasper-7.0.55.jar:/home/gerar/.m2/repository/org/apache/tomcat/embed/tomcat-embed-el/7.0.55/tomcat-embed-el-7.0.55.jar:/home/gerar/.m2/repository/org/apache/tomcat/embed/tomcat-embed-logging-log4j/7.0.55/tomcat-embed-logging-log4j-7.0.55.jar:/home/gerar/.m2/repository/org/apache/tomcat/embed/tomcat-embed-websocket/7.0.55/tomcat-embed-websocket-7.0.55.jar:/home/gerar/.m2/repository/org/apache/tomcat/embed/tomcat-embed-core/7.0.55/tomcat-embed-core-7.0.55.jar:/home/gerar/.m2/repository/org/eclipse/jdt/core/compiler/ecj/3.7.2/ecj-3.7.2.jar:/home/gerar/preparacionVersionado2/privado
Launcher Type: SUN_STANDARD

Environment Variables:
JAVA_HOME=/usr/lib/jvm/java-8-oracle
PATH=/home/gerar/.gvm/vertx/current/bin:/home/gerar/.gvm/springboot/current/bin:/home/gerar/.gvm/lazybones/current/bin:/home/gerar/.gvm/jbake/current/bin:/home/gerar/.gvm/groovyserv/current/bin:/home/gerar/.gvm/groovy/current/bin:/home/gerar/.gvm/griffon/current/bin:/home/gerar/.gvm/grails/current/bin:/home/gerar/.gvm/gradle/current/bin:/home/gerar/.gvm/glide/current/bin:/home/gerar/.gvm/gaiden/current/bin:/home/gerar/.gvm/crash/current/bin:/home/gerar/.gvm/asciidoctorj/current/bin:/usr/local/sbin:/usr/local/bin:/usr/sbin:/usr/bin:/sbin:/bin:/usr/games:/usr/local/games
LD_LIBRARY_PATH=.:
SHELL=/bin/bash
DISPLAY=:0

Signal Handlers:
SIGSEGV: [libjvm.so+0xaad540], sa_mask[0]=11111111011111111101111111111110, sa_flags=SA_RESTART|SA_SIGINFO
SIGBUS: [libjvm.so+0xaad540], sa_mask[0]=11111111011111111101111111111110, sa_flags=SA_RESTART|SA_SIGINFO
SIGFPE: [libjvm.so+0x90b6b0], sa_mask[0]=11111111011111111101111111111110, sa_flags=SA_RESTART|SA_SIGINFO
SIGPIPE: [libjvm.so+0x90b6b0], sa_mask[0]=11111111011111111101111111111110, sa_flags=SA_RESTART|SA_SIGINFO
SIGXFSZ: [libjvm.so+0x90b6b0], sa_mask[0]=11111111011111111101111111111110, sa_flags=SA_RESTART|SA_SIGINFO
SIGILL: [libjvm.so+0x90b6b0], sa_mask[0]=11111111011111111101111111111110, sa_flags=SA_RESTART|SA_SIGINFO
SIGUSR1: SIG_DFL, sa_mask[0]=00000000000000000000000000000000, sa_flags=none
SIGUSR2: [libjvm.so+0x90ccf0], sa_mask[0]=00100000000000000000000000000000, sa_flags=SA_RESTART|SA_SIGINFO
SIGHUP: [libjvm.so+0x90e040], sa_mask[0]=11111111011111111101111111111110, sa_flags=SA_RESTART|SA_SIGINFO
SIGINT: [libjvm.so+0x90e040], sa_mask[0]=11111111011111111101111111111110, sa_flags=SA_RESTART|SA_SIGINFO
SIGTERM: [libjvm.so+0x90e040], sa_mask[0]=11111111011111111101111111111110, sa_flags=SA_RESTART|SA_SIGINFO
SIGQUIT: [libjvm.so+0x90e040], sa_mask[0]=11111111011111111101111111111110, sa_flags=SA_RESTART|SA_SIGINFO


---------------  S Y S T E M  ---------------

OS:DISTRIB_ID=Ubuntu
DISTRIB_RELEASE=14.04
DISTRIB_CODENAME=trusty
DISTRIB_DESCRIPTION="Ubuntu 14.04.3 LTS"

uname:Linux 3.16.0-45-generic #60~14.04.1-Ubuntu SMP Fri Jul 24 21:16:23 UTC 2015 x86_64
libc:glibc 2.19 NPTL 2.19 
rlimit: STACK 8192k, CORE 0k, NPROC 14657, NOFILE 4096, AS infinity
load average:21.41 11.52 4.71

/proc/meminfo:
MemTotal:        3773764 kB
MemFree:           85568 kB
MemAvailable:      29212 kB
Buffers:             300 kB
Cached:           132948 kB
SwapCached:         1228 kB
Active:          2551476 kB
Inactive:         930524 kB
Active(anon):    2543304 kB
Inactive(anon):   921620 kB
Active(file):       8172 kB
Inactive(file):     8904 kB
Unevictable:          48 kB
Mlocked:              48 kB
SwapTotal:       3914748 kB
SwapFree:              8 kB
Dirty:                 0 kB
Writeback:            32 kB
AnonPages:       3348252 kB
Mapped:            15428 kB
Shmem:            116160 kB
Slab:              77812 kB
SReclaimable:      39136 kB
SUnreclaim:        38676 kB
KernelStack:       14448 kB
PageTables:        57380 kB
NFS_Unstable:          0 kB
Bounce:                0 kB
WritebackTmp:          0 kB
CommitLimit:     5801628 kB
Committed_AS:   13250984 kB
VmallocTotal:   34359738367 kB
VmallocUsed:      550032 kB
VmallocChunk:   34359178844 kB
HardwareCorrupted:     0 kB
AnonHugePages:    684032 kB
HugePages_Total:       0
HugePages_Free:        0
HugePages_Rsvd:        0
HugePages_Surp:        0
Hugepagesize:       2048 kB
DirectMap4k:       62272 kB
DirectMap2M:     3854336 kB


CPU:total 4 (2 cores per cpu, 2 threads per core) family 6 model 37 stepping 2, cmov, cx8, fxsr, mmx, sse, sse2, sse3, ssse3, sse4.1, sse4.2, popcnt, aes, clmul, ht, tsc, tscinvbit

/proc/cpuinfo:
processor	: 0
vendor_id	: GenuineIntel
cpu family	: 6
model		: 37
model name	: Intel(R) Core(TM) i7 CPU       M 620  @ 2.67GHz
stepping	: 2
microcode	: 0xd
cpu MHz		: 2667.000
cache size	: 4096 KB
physical id	: 0
siblings	: 4
core id		: 0
cpu cores	: 2
apicid		: 0
initial apicid	: 0
fpu		: yes
fpu_exception	: yes
cpuid level	: 11
wp		: yes
flags		: fpu vme de pse tsc msr pae mce cx8 apic sep mtrr pge mca cmov pat pse36 clflush dts acpi mmx fxsr sse sse2 ss ht tm pbe syscall nx rdtscp lm constant_tsc arch_perfmon pebs bts rep_good nopl xtopology nonstop_tsc aperfmperf pni pclmulqdq dtes64 monitor ds_cpl vmx smx est tm2 ssse3 cx16 xtpr pdcm sse4_1 sse4_2 popcnt aes lahf_lm ida arat dtherm tpr_shadow vnmi flexpriority ept vpid
bogomips	: 5320.18
clflush size	: 64
cache_alignment	: 64
address sizes	: 36 bits physical, 48 bits virtual
power management:

processor	: 1
vendor_id	: GenuineIntel
cpu family	: 6
model		: 37
model name	: Intel(R) Core(TM) i7 CPU       M 620  @ 2.67GHz
stepping	: 2
microcode	: 0xd
cpu MHz		: 2667.000
cache size	: 4096 KB
physical id	: 0
siblings	: 4
core id		: 0
cpu cores	: 2
apicid		: 1
initial apicid	: 1
fpu		: yes
fpu_exception	: yes
cpuid level	: 11
wp		: yes
flags		: fpu vme de pse tsc msr pae mce cx8 apic sep mtrr pge mca cmov pat pse36 clflush dts acpi mmx fxsr sse sse2 ss ht tm pbe syscall nx rdtscp lm constant_tsc arch_perfmon pebs bts rep_good nopl xtopology nonstop_tsc aperfmperf pni pclmulqdq dtes64 monitor ds_cpl vmx smx est tm2 ssse3 cx16 xtpr pdcm sse4_1 sse4_2 popcnt aes lahf_lm ida arat dtherm tpr_shadow vnmi flexpriority ept vpid
bogomips	: 5320.18
clflush size	: 64
cache_alignment	: 64
address sizes	: 36 bits physical, 48 bits virtual
power management:

processor	: 2
vendor_id	: GenuineIntel
cpu family	: 6
model		: 37
model name	: Intel(R) Core(TM) i7 CPU       M 620  @ 2.67GHz
stepping	: 2
microcode	: 0xd
cpu MHz		: 2667.000
cache size	: 4096 KB
physical id	: 0
siblings	: 4
core id		: 2
cpu cores	: 2
apicid		: 4
initial apicid	: 4
fpu		: yes
fpu_exception	: yes
cpuid level	: 11
wp		: yes
flags		: fpu vme de pse tsc msr pae mce cx8 apic sep mtrr pge mca cmov pat pse36 clflush dts acpi mmx fxsr sse sse2 ss ht tm pbe syscall nx rdtscp lm constant_tsc arch_perfmon pebs bts rep_good nopl xtopology nonstop_tsc aperfmperf pni pclmulqdq dtes64 monitor ds_cpl vmx smx est tm2 ssse3 cx16 xtpr pdcm sse4_1 sse4_2 popcnt aes lahf_lm ida arat dtherm tpr_shadow vnmi flexpriority ept vpid
bogomips	: 5320.18
clflush size	: 64
cache_alignment	: 64
address sizes	: 36 bits physical, 48 bits virtual
power management:

processor	: 3
vendor_id	: GenuineIntel
cpu family	: 6
model		: 37
model name	: Intel(R) Core(TM) i7 CPU       M 620  @ 2.67GHz
stepping	: 2
microcode	: 0xd
cpu MHz		: 2667.000
cache size	: 4096 KB
physical id	: 0
siblings	: 4
core id		: 2
cpu cores	: 2
apicid		: 5
initial apicid	: 5
fpu		: yes
fpu_exception	: yes
cpuid level	: 11
wp		: yes
flags		: fpu vme de pse tsc msr pae mce cx8 apic sep mtrr pge mca cmov pat pse36 clflush dts acpi mmx fxsr sse sse2 ss ht tm pbe syscall nx rdtscp lm constant_tsc arch_perfmon pebs bts rep_good nopl xtopology nonstop_tsc aperfmperf pni pclmulqdq dtes64 monitor ds_cpl vmx smx est tm2 ssse3 cx16 xtpr pdcm sse4_1 sse4_2 popcnt aes lahf_lm ida arat dtherm tpr_shadow vnmi flexpriority ept vpid
bogomips	: 5320.18
clflush size	: 64
cache_alignment	: 64
address sizes	: 36 bits physical, 48 bits virtual
power management:



Memory: 4k page, physical 3773764k(85568k free), swap 3914748k(0k free)

vm_info: Java HotSpot(TM) 64-Bit Server VM (25.51-b03) for linux-amd64 JRE (1.8.0_51-b16), built on Jun  8 2015 19:28:07 by "java_re" with gcc 4.3.0 20080428 (Red Hat 4.3.0-8)

time: Fri Aug  7 15:40:40 2015
elapsed time: 117 seconds (0d 0h 1m 57s)

